builds/android/app/build/outputs/logs/manifest-merger-debug-report.txt
-- Merging decision tree log ---
manifest
ADDED from src/main/AndroidManifest.xml:2:1-57:12
	package
		ADDED from src/main/AndroidManifest.xml:3:5-33
		INJECTED from src/main/AndroidManifest.xml
		INJECTED from src/main/AndroidManifest.xml
	android:versionName
		ADDED from src/main/AndroidManifest.xml:6:5-30
		INJECTED from src/main/AndroidManifest.xml
		INJECTED from src/main/AndroidManifest.xml
	android:versionCode
		ADDED from src/main/AndroidManifest.xml:5:5-28
		INJECTED from src/main/AndroidManifest.xml
		INJECTED from src/main/AndroidManifest.xml
	xmlns:android
		ADDED from src/main/AndroidManifest.xml:2:11-69
	android:installLocation
		ADDED from src/main/AndroidManifest.xml:4:5-35
application
ADDED from src/main/AndroidManifest.xml:8:5-43:19
	android:label
		ADDED from src/main/AndroidManifest.xml:11:9-41
	android:allowBackup
		ADDED from src/main/AndroidManifest.xml:9:9-35
	android:icon
		ADDED from src/main/AndroidManifest.xml:10:9-45
activity#org.easyrpg.player.MainActivity
ADDED from src/main/AndroidManifest.xml:12:9-22:20
	android:label
		ADDED from src/main/AndroidManifest.xml:14:13-45
	android:noHistory
		ADDED from src/main/AndroidManifest.xml:15:13-37
	android:theme
		ADDED from src/main/AndroidManifest.xml:16:13-71
	android:name
		ADDED from src/main/AndroidManifest.xml:13:13-59
intent-filter#android.intent.action.MAIN+android.intent.category.LAUNCHER
ADDED from src/main/AndroidManifest.xml:17:13-21:29
action#android.intent.action.MAIN
ADDED from src/main/AndroidManifest.xml:18:17-69
	android:name
		ADDED from src/main/AndroidManifest.xml:18:25-66
category#android.intent.category.LAUNCHER
ADDED from src/main/AndroidManifest.xml:20:17-77
	android:name
		ADDED from src/main/AndroidManifest.xml:20:27-74
activity#org.easyrpg.player.game_browser.GameBrowserActivity
ADDED from src/main/AndroidManifest.xml:23:9-25:48
	android:label
		ADDED from src/main/AndroidManifest.xml:25:13-45
	android:name
		ADDED from src/main/AndroidManifest.xml:24:13-79
activity#org.easyrpg.player.game_browser.LegacyGameBrowserActivity
ADDED from src/main/AndroidManifest.xml:26:9-28:48
	android:label
		ADDED from src/main/AndroidManifest.xml:28:13-45
	android:name
		ADDED from src/main/AndroidManifest.xml:27:13-85
activity#org.easyrpg.player.player.EasyRpgPlayerActivity
ADDED from src/main/AndroidManifest.xml:29:9-33:74
	android:label
		ADDED from src/main/AndroidManifest.xml:31:13-45
	android:configChanges
		ADDED from src/main/AndroidManifest.xml:32:13-48
	android:theme
		ADDED from src/main/AndroidManifest.xml:33:13-71
	android:name
		ADDED from src/main/AndroidManifest.xml:30:13-75
activity#org.easyrpg.player.SettingsActivity
ADDED from src/main/AndroidManifest.xml:34:9-36:48
	android:label
		ADDED from src/main/AndroidManifest.xml:36:13-45
	android:name
		ADDED from src/main/AndroidManifest.xml:35:13-63
activity#org.easyrpg.player.button_mapping.ButtonMappingActivity
ADDED from src/main/AndroidManifest.xml:37:9-42:74
	android:screenOrientation
		ADDED from src/main/AndroidManifest.xml:41:13-50
	android:label
		ADDED from src/main/AndroidManifest.xml:40:13-45
	android:configChanges
		ADDED from src/main/AndroidManifest.xml:39:13-48
	android:theme
		ADDED from src/main/AndroidManifest.xml:42:13-71
	android:name
		ADDED from src/main/AndroidManifest.xml:38:13-83
uses-sdk
ADDED from src/main/AndroidManifest.xml:46:5-48:41
	android:targetSdkVersion
		ADDED from src/main/AndroidManifest.xml:48:9-38
		INJECTED from src/main/AndroidManifest.xml
		INJECTED from src/main/AndroidManifest.xml
	android:minSdkVersion
		ADDED from src/main/AndroidManifest.xml:47:9-35
		INJECTED from src/main/AndroidManifest.xml
		INJECTED from src/main/AndroidManifest.xml
uses-feature#0x00020000
ADDED from src/main/AndroidManifest.xml:51:5-54
	android:glEsVersion
		ADDED from src/main/AndroidManifest.xml:51:19-51
uses-permission#android.permission.WRITE_EXTERNAL_STORAGE
ADDED from src/main/AndroidManifest.xml:54:5-81
	android:name
		ADDED from src/main/AndroidManifest.xml:54:22-78
uses-permission#android.permission.VIBRATE
ADDED from src/main/AndroidManifest.xml:55:5-66
	android:name
		ADDED from src/main/AndroidManifest.xml:55:22-63